[32m[CorpusAnalyzer|Debug][0m - 09:16:16:288 | Starting CorpusAnalyzer ...
[32m[CorpusAnalyzer|Debug][0m - 09:16:16:294 | Reading files from assets\folger-shakespeare\texts
[32m[CorpusAnalyzer|Debug][0m - 09:16:16:295 | Loading text from file a-midsummer-nights-dream_TXT_FolgerShakespeare.txt
[32m[CorpusAnalyzer|Debug][0m - 09:16:16:332 | Loading text from file alls-well-that-ends-well_TXT_FolgerShakespeare.txt
[32m[CorpusAnalyzer|Debug][0m - 09:16:16:361 | Loading text from file antony-and-cleopatra_TXT_FolgerShakespeare.txt
[32m[CorpusAnalyzer|Debug][0m - 09:16:16:373 | Loading text from file as-you-like-it_TXT_FolgerShakespeare.txt
[32m[CorpusAnalyzer|Debug][0m - 09:16:16:380 | Loading text from file coriolanus_TXT_FolgerShakespeare.txt
[32m[CorpusAnalyzer|Debug][0m - 09:16:16:386 | Loading text from file cymbeline_TXT_FolgerShakespeare.txt
[32m[CorpusAnalyzer|Debug][0m - 09:16:16:396 | Loading text from file hamlet_TXT_FolgerShakespeare.txt
[32m[CorpusAnalyzer|Debug][0m - 09:16:16:402 | Loading text from file henry-iv-part-1_TXT_FolgerShakespeare.txt
[32m[CorpusAnalyzer|Debug][0m - 09:16:16:406 | Loading text from file henry-iv-part-2_TXT_FolgerShakespeare.txt
[32m[CorpusAnalyzer|Debug][0m - 09:16:16:412 | Loading text from file henry-vi-part-1_TXT_FolgerShakespeare.txt
[32m[CorpusAnalyzer|Debug][0m - 09:16:16:417 | Loading text from file henry-vi-part-2_TXT_FolgerShakespeare.txt
[32m[CorpusAnalyzer|Debug][0m - 09:16:16:426 | Loading text from file henry-vi-part-3_TXT_FolgerShakespeare.txt
[32m[CorpusAnalyzer|Debug][0m - 09:16:16:433 | Loading text from file henry-viii_TXT_FolgerShakespeare.txt
[32m[CorpusAnalyzer|Debug][0m - 09:16:16:441 | Loading text from file henry-v_TXT_FolgerShakespeare.txt
[32m[CorpusAnalyzer|Debug][0m - 09:16:16:465 | Loading text from file julius-caesar_TXT_FolgerShakespeare.txt
[32m[CorpusAnalyzer|Debug][0m - 09:16:16:474 | Loading text from file king-john_TXT_FolgerShakespeare.txt
[32m[CorpusAnalyzer|Debug][0m - 09:16:16:481 | Loading text from file king-lear_TXT_FolgerShakespeare.txt
[32m[CorpusAnalyzer|Debug][0m - 09:16:16:488 | Loading text from file loves-labors-lost_TXT_FolgerShakespeare.txt
[32m[CorpusAnalyzer|Debug][0m - 09:16:16:494 | Loading text from file lucrece_TXT_FolgerShakespeare.txt
[32m[CorpusAnalyzer|Debug][0m - 09:16:16:498 | Loading text from file macbeth_TXT_FolgerShakespeare.txt
[32m[CorpusAnalyzer|Debug][0m - 09:16:16:503 | Loading text from file measure-for-measure_TXT_FolgerShakespeare.txt
[32m[CorpusAnalyzer|Debug][0m - 09:16:16:510 | Loading text from file much-ado-about-nothing_TXT_FolgerShakespeare.txt
[32m[CorpusAnalyzer|Debug][0m - 09:16:16:515 | Loading text from file othello_TXT_FolgerShakespeare.txt
[32m[CorpusAnalyzer|Debug][0m - 09:16:16:522 | Loading text from file pericles_TXT_FolgerShakespeare.txt
[32m[CorpusAnalyzer|Debug][0m - 09:16:16:527 | Loading text from file richard-iii_TXT_FolgerShakespeare.txt
[32m[CorpusAnalyzer|Debug][0m - 09:16:16:535 | Loading text from file richard-ii_TXT_FolgerShakespeare.txt
[32m[CorpusAnalyzer|Debug][0m - 09:16:16:541 | Loading text from file romeo-and-juliet_TXT_FolgerShakespeare.txt
[32m[CorpusAnalyzer|Debug][0m - 09:16:16:547 | Loading text from file shakespeares-sonnets_TXT_FolgerShakespeare.txt
[32m[CorpusAnalyzer|Debug][0m - 09:16:16:552 | Loading text from file the-comedy-of-errors_TXT_FolgerShakespeare.txt
[32m[CorpusAnalyzer|Debug][0m - 09:16:16:556 | Loading text from file the-merchant-of-venice_TXT_FolgerShakespeare.txt
[32m[CorpusAnalyzer|Debug][0m - 09:16:16:562 | Loading text from file the-merry-wives-of-windsor_TXT_FolgerShakespeare.txt
[32m[CorpusAnalyzer|Debug][0m - 09:16:16:567 | Loading text from file the-phoenix-and-turtle_TXT_FolgerShakespeare.txt
[32m[CorpusAnalyzer|Debug][0m - 09:16:16:569 | Loading text from file the-taming-of-the-shrew_TXT_FolgerShakespeare.txt
[32m[CorpusAnalyzer|Debug][0m - 09:16:16:574 | Loading text from file the-tempest_TXT_FolgerShakespeare.txt
[32m[CorpusAnalyzer|Debug][0m - 09:16:16:579 | Loading text from file the-two-gentlemen-of-verona_TXT_FolgerShakespeare.txt
[32m[CorpusAnalyzer|Debug][0m - 09:16:16:584 | Loading text from file the-two-noble-kinsmen_TXT_FolgerShakespeare.txt
[32m[CorpusAnalyzer|Debug][0m - 09:16:16:591 | Loading text from file the-winters-tale_TXT_FolgerShakespeare.txt
[32m[CorpusAnalyzer|Debug][0m - 09:16:16:597 | Loading text from file timon-of-athens_TXT_FolgerShakespeare.txt
[32m[CorpusAnalyzer|Debug][0m - 09:16:16:602 | Loading text from file titus-andronicus_TXT_FolgerShakespeare.txt
[32m[CorpusAnalyzer|Debug][0m - 09:16:16:608 | Loading text from file troilus-and-cressida_TXT_FolgerShakespeare.txt
[32m[CorpusAnalyzer|Debug][0m - 09:16:16:619 | Loading text from file twelfth-night_TXT_FolgerShakespeare.txt
[32m[CorpusAnalyzer|Debug][0m - 09:16:16:627 | Loading text from file venus-and-adonis_TXT_FolgerShakespeare.txt
[32m[CorpusAnalyzer|Debug][0m - 09:16:16:632 | Filtering text from a-midsummer-nights-dream
[32m[CorpusAnalyzer|Debug][0m - 09:16:16:710 | Retrieved 9187 token from a-midsummer-nights-dream
[32m[CorpusAnalyzer|Debug][0m - 09:16:16:711 | Filtering text from alls-well-that-ends-well
[32m[CorpusAnalyzer|Debug][0m - 09:16:16:752 | Retrieved 12377 token from alls-well-that-ends-well
[32m[CorpusAnalyzer|Debug][0m - 09:16:16:754 | Filtering text from antony-and-cleopatra
[32m[CorpusAnalyzer|Debug][0m - 09:16:16:798 | Retrieved 13915 token from antony-and-cleopatra
[32m[CorpusAnalyzer|Debug][0m - 09:16:16:799 | Filtering text from as-you-like-it
[32m[CorpusAnalyzer|Debug][0m - 09:16:16:834 | Retrieved 11885 token from as-you-like-it
[32m[CorpusAnalyzer|Debug][0m - 09:16:16:836 | Filtering text from coriolanus
[32m[CorpusAnalyzer|Debug][0m - 09:16:16:882 | Retrieved 15106 token from coriolanus
[32m[CorpusAnalyzer|Debug][0m - 09:16:16:883 | Filtering text from cymbeline
[32m[CorpusAnalyzer|Debug][0m - 09:16:16:928 | Retrieved 15336 token from cymbeline
[32m[CorpusAnalyzer|Debug][0m - 09:16:16:929 | Filtering text from hamlet
[32m[CorpusAnalyzer|Debug][0m - 09:16:16:981 | Retrieved 16004 token from hamlet
[32m[CorpusAnalyzer|Debug][0m - 09:16:16:982 | Filtering text from henry-iv-part-1
[32m[CorpusAnalyzer|Debug][0m - 09:16:17:20 | Retrieved 13153 token from henry-iv-part-1
[32m[CorpusAnalyzer|Debug][0m - 09:16:17:21 | Filtering text from henry-iv-part-2
[32m[CorpusAnalyzer|Debug][0m - 09:16:17:63 | Retrieved 14488 token from henry-iv-part-2
[32m[CorpusAnalyzer|Debug][0m - 09:16:17:64 | Filtering text from henry-vi-part-1
[32m[CorpusAnalyzer|Debug][0m - 09:16:17:103 | Retrieved 11430 token from henry-vi-part-1
[32m[CorpusAnalyzer|Debug][0m - 09:16:17:104 | Filtering text from henry-vi-part-2
[32m[CorpusAnalyzer|Debug][0m - 09:16:17:147 | Retrieved 13992 token from henry-vi-part-2
[32m[CorpusAnalyzer|Debug][0m - 09:16:17:148 | Filtering text from henry-vi-part-3
[32m[CorpusAnalyzer|Debug][0m - 09:16:17:202 | Retrieved 13374 token from henry-vi-part-3
[32m[CorpusAnalyzer|Debug][0m - 09:16:17:203 | Filtering text from henry-viii
[32m[CorpusAnalyzer|Debug][0m - 09:16:17:251 | Retrieved 13209 token from henry-viii
[32m[CorpusAnalyzer|Debug][0m - 09:16:17:252 | Filtering text from henry-v
[32m[CorpusAnalyzer|Debug][0m - 09:16:17:347 | Retrieved 14258 token from henry-v
[32m[CorpusAnalyzer|Debug][0m - 09:16:17:348 | Filtering text from julius-caesar
[32m[CorpusAnalyzer|Debug][0m - 09:16:17:382 | Retrieved 10220 token from julius-caesar
[32m[CorpusAnalyzer|Debug][0m - 09:16:17:383 | Filtering text from king-john
[32m[CorpusAnalyzer|Debug][0m - 09:16:17:415 | Retrieved 11087 token from king-john
[32m[CorpusAnalyzer|Debug][0m - 09:16:17:415 | Filtering text from king-lear
[32m[CorpusAnalyzer|Debug][0m - 09:16:17:465 | Retrieved 14443 token from king-lear
[32m[CorpusAnalyzer|Debug][0m - 09:16:17:465 | Filtering text from loves-labors-lost
[32m[CorpusAnalyzer|Debug][0m - 09:16:17:500 | Retrieved 11894 token from loves-labors-lost
[32m[CorpusAnalyzer|Debug][0m - 09:16:17:501 | Filtering text from lucrece
[32m[CorpusAnalyzer|Debug][0m - 09:16:17:525 | Retrieved 8761 token from lucrece
[32m[CorpusAnalyzer|Debug][0m - 09:16:17:526 | Filtering text from macbeth
[32m[CorpusAnalyzer|Debug][0m - 09:16:17:553 | Retrieved 9415 token from macbeth
[32m[CorpusAnalyzer|Debug][0m - 09:16:17:554 | Filtering text from measure-for-measure
[32m[CorpusAnalyzer|Debug][0m - 09:16:17:587 | Retrieved 11705 token from measure-for-measure
[32m[CorpusAnalyzer|Debug][0m - 09:16:17:588 | Filtering text from much-ado-about-nothing
[32m[CorpusAnalyzer|Debug][0m - 09:16:17:621 | Retrieved 11345 token from much-ado-about-nothing
[32m[CorpusAnalyzer|Debug][0m - 09:16:17:622 | Filtering text from othello
[32m[CorpusAnalyzer|Debug][0m - 09:16:17:662 | Retrieved 13788 token from othello
[32m[CorpusAnalyzer|Debug][0m - 09:16:17:663 | Filtering text from pericles
[32m[CorpusAnalyzer|Debug][0m - 09:16:17:692 | Retrieved 10033 token from pericles
[32m[CorpusAnalyzer|Debug][0m - 09:16:17:693 | Filtering text from richard-iii
[32m[CorpusAnalyzer|Debug][0m - 09:16:17:750 | Retrieved 15480 token from richard-iii
[32m[CorpusAnalyzer|Debug][0m - 09:16:17:751 | Filtering text from richard-ii
[32m[CorpusAnalyzer|Debug][0m - 09:16:17:785 | Retrieved 12044 token from richard-ii
[32m[CorpusAnalyzer|Debug][0m - 09:16:17:786 | Filtering text from romeo-and-juliet
[32m[CorpusAnalyzer|Debug][0m - 09:16:17:824 | Retrieved 13268 token from romeo-and-juliet
[32m[CorpusAnalyzer|Debug][0m - 09:16:17:825 | Filtering text from shakespeares-sonnets
[32m[CorpusAnalyzer|Debug][0m - 09:16:17:851 | Retrieved 9694 token from shakespeares-sonnets
[32m[CorpusAnalyzer|Debug][0m - 09:16:17:852 | Filtering text from the-comedy-of-errors
[32m[CorpusAnalyzer|Debug][0m - 09:16:17:876 | Retrieved 8001 token from the-comedy-of-errors
[32m[CorpusAnalyzer|Debug][0m - 09:16:17:877 | Filtering text from the-merchant-of-venice
[32m[CorpusAnalyzer|Debug][0m - 09:16:17:910 | Retrieved 10879 token from the-merchant-of-venice
[32m[CorpusAnalyzer|Debug][0m - 09:16:17:910 | Filtering text from the-merry-wives-of-windsor
[32m[CorpusAnalyzer|Debug][0m - 09:16:17:946 | Retrieved 12875 token from the-merry-wives-of-windsor
[32m[CorpusAnalyzer|Debug][0m - 09:16:17:946 | Filtering text from the-phoenix-and-turtle
[32m[CorpusAnalyzer|Debug][0m - 09:16:17:948 | Retrieved 201 token from the-phoenix-and-turtle
[32m[CorpusAnalyzer|Debug][0m - 09:16:17:948 | Filtering text from the-taming-of-the-shrew
[32m[CorpusAnalyzer|Debug][0m - 09:16:17:980 | Retrieved 11197 token from the-taming-of-the-shrew
[32m[CorpusAnalyzer|Debug][0m - 09:16:17:981 | Filtering text from the-tempest
[32m[CorpusAnalyzer|Debug][0m - 09:16:18:22 | Retrieved 9429 token from the-tempest
[32m[CorpusAnalyzer|Debug][0m - 09:16:18:23 | Filtering text from the-two-gentlemen-of-verona
[32m[CorpusAnalyzer|Debug][0m - 09:16:18:50 | Retrieved 9180 token from the-two-gentlemen-of-verona
[32m[CorpusAnalyzer|Debug][0m - 09:16:18:52 | Filtering text from the-two-noble-kinsmen
[32m[CorpusAnalyzer|Debug][0m - 09:16:18:90 | Retrieved 13423 token from the-two-noble-kinsmen
[32m[CorpusAnalyzer|Debug][0m - 09:16:18:91 | Filtering text from the-winters-tale
[32m[CorpusAnalyzer|Debug][0m - 09:16:18:129 | Retrieved 13248 token from the-winters-tale
[32m[CorpusAnalyzer|Debug][0m - 09:16:18:130 | Filtering text from timon-of-athens
[32m[CorpusAnalyzer|Debug][0m - 09:16:18:170 | Retrieved 10652 token from timon-of-athens
[32m[CorpusAnalyzer|Debug][0m - 09:16:18:170 | Filtering text from titus-andronicus
[32m[CorpusAnalyzer|Debug][0m - 09:16:18:202 | Retrieved 10884 token from titus-andronicus
[32m[CorpusAnalyzer|Debug][0m - 09:16:18:203 | Filtering text from troilus-and-cressida
[32m[CorpusAnalyzer|Debug][0m - 09:16:18:292 | Retrieved 14831 token from troilus-and-cressida
[32m[CorpusAnalyzer|Debug][0m - 09:16:18:293 | Filtering text from twelfth-night
[32m[CorpusAnalyzer|Debug][0m - 09:16:18:332 | Retrieved 11020 token from twelfth-night
[32m[CorpusAnalyzer|Debug][0m - 09:16:18:333 | Filtering text from venus-and-adonis
[32m[CorpusAnalyzer|Debug][0m - 09:16:18:352 | Retrieved 5746 token from venus-and-adonis
